InnoDB: using atomic writes.
2020-10-16 10:02:03 0 [Note] InnoDB: Mutexes and rw_locks use Windows interlocked functions
2020-10-16 10:02:03 0 [Note] InnoDB: Uses event mutexes
2020-10-16 10:02:03 0 [Note] InnoDB: Compressed tables use zlib 1.2.11
2020-10-16 10:02:03 0 [Note] InnoDB: Number of pools: 1
2020-10-16 10:02:03 0 [Note] InnoDB: Using SSE2 crc32 instructions
2020-10-16 10:02:03 0 [Note] InnoDB: Initializing buffer pool, total size = 16M, instances = 1, chunk size = 16M
2020-10-16 10:02:03 0 [Note] InnoDB: Completed initialization of buffer pool
2020-10-16 10:02:04 0 [Note] InnoDB: Starting crash recovery from checkpoint LSN=300288
2020-10-16 10:02:04 0 [Note] InnoDB: 128 out of 128 rollback segments are active.
2020-10-16 10:02:04 0 [Note] InnoDB: Removed temporary tablespace data file: "ibtmp1"
2020-10-16 10:02:04 0 [Note] InnoDB: Creating shared tablespace for temporary tables
2020-10-16 10:02:04 0 [Note] InnoDB: Setting file 'C:\IT1100-IWT---Assignment-01\V2\Xampp\mysql\data\ibtmp1' size to 12 MB. Physically writing the file full; Please wait ...
2020-10-16 10:02:04 0 [Note] InnoDB: File 'C:\IT1100-IWT---Assignment-01\V2\Xampp\mysql\data\ibtmp1' size is now 12 MB.
2020-10-16 10:02:04 0 [Note] InnoDB: Waiting for purge to start
2020-10-16 10:02:04 0 [Note] InnoDB: 10.4.14 started; log sequence number 300297; transaction id 171
2020-10-16 10:02:04 0 [Note] InnoDB: Loading buffer pool(s) from C:\IT1100-IWT---Assignment-01\V2\Xampp\mysql\data\ib_buffer_pool
2020-10-16 10:02:04 0 [Note] Plugin 'FEEDBACK' is disabled.
2020-10-16 10:02:04 0 [Note] InnoDB: Buffer pool(s) load completed at 201016 10:02:04
2020-10-16 10:02:04 0 [Note] Server socket created on IP: '::'.
InnoDB: using atomic writes.
2020-10-16 10:05:57 0 [Note] InnoDB: Mutexes and rw_locks use Windows interlocked functions
2020-10-16 10:05:57 0 [Note] InnoDB: Uses event mutexes
2020-10-16 10:05:57 0 [Note] InnoDB: Compressed tables use zlib 1.2.11
2020-10-16 10:05:57 0 [Note] InnoDB: Number of pools: 1
2020-10-16 10:05:57 0 [Note] InnoDB: Using SSE2 crc32 instructions
2020-10-16 10:05:57 0 [Note] InnoDB: Initializing buffer pool, total size = 16M, instances = 1, chunk size = 16M
2020-10-16 10:05:57 0 [Note] InnoDB: Completed initialization of buffer pool
2020-10-16 10:05:57 0 [Note] InnoDB: Starting crash recovery from checkpoint LSN=300306
2020-10-16 10:05:57 0 [Note] InnoDB: 128 out of 128 rollback segments are active.
2020-10-16 10:05:57 0 [Note] InnoDB: Removed temporary tablespace data file: "ibtmp1"
2020-10-16 10:05:57 0 [Note] InnoDB: Creating shared tablespace for temporary tables
2020-10-16 10:05:57 0 [Note] InnoDB: Setting file 'C:\IT1100-IWT---Assignment-01\V2\Xampp\mysql\data\ibtmp1' size to 12 MB. Physically writing the file full; Please wait ...
2020-10-16 10:05:58 0 [Note] InnoDB: File 'C:\IT1100-IWT---Assignment-01\V2\Xampp\mysql\data\ibtmp1' size is now 12 MB.
2020-10-16 10:05:58 0 [Note] InnoDB: Waiting for purge to start
2020-10-16 10:05:58 0 [Note] InnoDB: 10.4.14 started; log sequence number 300315; transaction id 171
2020-10-16 10:05:58 0 [Note] InnoDB: Loading buffer pool(s) from C:\IT1100-IWT---Assignment-01\V2\Xampp\mysql\data\ib_buffer_pool
2020-10-16 10:05:58 0 [Note] Plugin 'FEEDBACK' is disabled.
2020-10-16 10:05:58 0 [Note] Server socket created on IP: '::'.
2020-10-16 10:05:58 0 [Note] InnoDB: Buffer pool(s) load completed at 201016 10:05:58
InnoDB: using atomic writes.
2020-10-16 18:13:06 0 [Note] InnoDB: Mutexes and rw_locks use Windows interlocked functions
2020-10-16 18:13:06 0 [Note] InnoDB: Uses event mutexes
2020-10-16 18:13:06 0 [Note] InnoDB: Compressed tables use zlib 1.2.11
2020-10-16 18:13:06 0 [Note] InnoDB: Number of pools: 1
2020-10-16 18:13:06 0 [Note] InnoDB: Using SSE2 crc32 instructions
2020-10-16 18:13:06 0 [Note] InnoDB: Initializing buffer pool, total size = 16M, instances = 1, chunk size = 16M
2020-10-16 18:13:06 0 [Note] InnoDB: Completed initialization of buffer pool
2020-10-16 18:13:06 0 [Note] InnoDB: Starting crash recovery from checkpoint LSN=304174
2020-10-16 18:13:06 0 [Note] InnoDB: 128 out of 128 rollback segments are active.
2020-10-16 18:13:06 0 [Note] InnoDB: Removed temporary tablespace data file: "ibtmp1"
2020-10-16 18:13:06 0 [Note] InnoDB: Creating shared tablespace for temporary tables
2020-10-16 18:13:06 0 [Note] InnoDB: Setting file 'C:\IT1100-IWT---Assignment-01\V2\Xampp\mysql\data\ibtmp1' size to 12 MB. Physically writing the file full; Please wait ...
2020-10-16 18:13:06 0 [Note] InnoDB: File 'C:\IT1100-IWT---Assignment-01\V2\Xampp\mysql\data\ibtmp1' size is now 12 MB.
2020-10-16 18:13:06 0 [Note] InnoDB: Waiting for purge to start
2020-10-16 18:13:06 0 [Note] InnoDB: 10.4.14 started; log sequence number 304183; transaction id 206
2020-10-16 18:13:06 0 [Note] Plugin 'FEEDBACK' is disabled.
2020-10-16 18:13:06 0 [Note] InnoDB: Loading buffer pool(s) from C:\IT1100-IWT---Assignment-01\V2\Xampp\mysql\data\ib_buffer_pool
2020-10-16 18:13:06 0 [Note] InnoDB: Buffer pool(s) load completed at 201016 18:13:06
2020-10-16 18:13:06 0 [Note] Server socket created on IP: '::'.
InnoDB: using atomic writes.
2020-10-16 20:09:42 0 [Note] InnoDB: Mutexes and rw_locks use Windows interlocked functions
2020-10-16 20:09:42 0 [Note] InnoDB: Uses event mutexes
2020-10-16 20:09:42 0 [Note] InnoDB: Compressed tables use zlib 1.2.11
2020-10-16 20:09:42 0 [Note] InnoDB: Number of pools: 1
2020-10-16 20:09:42 0 [Note] InnoDB: Using SSE2 crc32 instructions
2020-10-16 20:09:42 0 [Note] InnoDB: Initializing buffer pool, total size = 16M, instances = 1, chunk size = 16M
2020-10-16 20:09:42 0 [Note] InnoDB: Completed initialization of buffer pool
2020-10-16 20:09:42 0 [Note] InnoDB: Starting crash recovery from checkpoint LSN=338014
2020-10-16 20:09:43 0 [Note] InnoDB: 128 out of 128 rollback segments are active.
2020-10-16 20:09:43 0 [Note] InnoDB: Removed temporary tablespace data file: "ibtmp1"
2020-10-16 20:09:43 0 [Note] InnoDB: Creating shared tablespace for temporary tables
2020-10-16 20:09:43 0 [Note] InnoDB: Setting file 'C:\IT1100-IWT---Assignment-01\V2\Xampp\mysql\data\ibtmp1' size to 12 MB. Physically writing the file full; Please wait ...
2020-10-16 20:09:43 0 [Note] InnoDB: File 'C:\IT1100-IWT---Assignment-01\V2\Xampp\mysql\data\ibtmp1' size is now 12 MB.
2020-10-16 20:09:43 0 [Note] InnoDB: Waiting for purge to start
2020-10-16 20:09:43 0 [Note] InnoDB: 10.4.14 started; log sequence number 338023; transaction id 309
2020-10-16 20:09:43 0 [Note] InnoDB: Loading buffer pool(s) from C:\IT1100-IWT---Assignment-01\V2\Xampp\mysql\data\ib_buffer_pool
2020-10-16 20:09:43 0 [Note] Plugin 'FEEDBACK' is disabled.
2020-10-16 20:09:43 0 [Note] Server socket created on IP: '::'.
2020-10-16 20:09:43 0 [Note] InnoDB: Buffer pool(s) load completed at 201016 20:09:43
InnoDB: using atomic writes.
2020-10-16 20:10:23 0 [Note] InnoDB: Mutexes and rw_locks use Windows interlocked functions
2020-10-16 20:10:23 0 [Note] InnoDB: Uses event mutexes
2020-10-16 20:10:23 0 [Note] InnoDB: Compressed tables use zlib 1.2.11
2020-10-16 20:10:23 0 [Note] InnoDB: Number of pools: 1
2020-10-16 20:10:23 0 [Note] InnoDB: Using SSE2 crc32 instructions
2020-10-16 20:10:23 0 [Note] InnoDB: Initializing buffer pool, total size = 16M, instances = 1, chunk size = 16M
2020-10-16 20:10:23 0 [Note] InnoDB: Completed initialization of buffer pool
2020-10-16 20:10:23 0 [Note] InnoDB: Starting crash recovery from checkpoint LSN=338032
2020-10-16 20:10:23 0 [Note] InnoDB: 128 out of 128 rollback segments are active.
2020-10-16 20:10:23 0 [Note] InnoDB: Removed temporary tablespace data file: "ibtmp1"
2020-10-16 20:10:23 0 [Note] InnoDB: Creating shared tablespace for temporary tables
2020-10-16 20:10:23 0 [Note] InnoDB: Setting file 'C:\IT1100-IWT---Assignment-01\V2\Xampp\mysql\data\ibtmp1' size to 12 MB. Physically writing the file full; Please wait ...
2020-10-16 20:10:23 0 [Note] InnoDB: File 'C:\IT1100-IWT---Assignment-01\V2\Xampp\mysql\data\ibtmp1' size is now 12 MB.
2020-10-16 20:10:23 0 [Note] InnoDB: Waiting for purge to start
2020-10-16 20:10:23 0 [Note] InnoDB: 10.4.14 started; log sequence number 338041; transaction id 309
2020-10-16 20:10:23 0 [Note] InnoDB: Loading buffer pool(s) from C:\IT1100-IWT---Assignment-01\V2\Xampp\mysql\data\ib_buffer_pool
2020-10-16 20:10:23 0 [Note] Plugin 'FEEDBACK' is disabled.
2020-10-16 20:10:23 0 [Note] Server socket created on IP: '::'.
2020-10-16 20:10:23 0 [Note] InnoDB: Buffer pool(s) load completed at 201016 20:10:23
InnoDB: using atomic writes.
2020-10-16 20:10:40 0 [Note] InnoDB: Mutexes and rw_locks use Windows interlocked functions
2020-10-16 20:10:40 0 [Note] InnoDB: Uses event mutexes
2020-10-16 20:10:40 0 [Note] InnoDB: Compressed tables use zlib 1.2.11
2020-10-16 20:10:40 0 [Note] InnoDB: Number of pools: 1
2020-10-16 20:10:40 0 [Note] InnoDB: Using SSE2 crc32 instructions
2020-10-16 20:10:40 0 [Note] InnoDB: Initializing buffer pool, total size = 16M, instances = 1, chunk size = 16M
2020-10-16 20:10:40 0 [Note] InnoDB: Completed initialization of buffer pool
2020-10-16 20:10:40 0 [Note] InnoDB: Starting crash recovery from checkpoint LSN=338050
2020-10-16 20:10:40 0 [Note] InnoDB: 128 out of 128 rollback segments are active.
2020-10-16 20:10:40 0 [Note] InnoDB: Removed temporary tablespace data file: "ibtmp1"
2020-10-16 20:10:40 0 [Note] InnoDB: Creating shared tablespace for temporary tables
2020-10-16 20:10:40 0 [Note] InnoDB: Setting file 'C:\IT1100-IWT---Assignment-01\V2\Xampp\mysql\data\ibtmp1' size to 12 MB. Physically writing the file full; Please wait ...
2020-10-16 20:10:40 0 [Note] InnoDB: File 'C:\IT1100-IWT---Assignment-01\V2\Xampp\mysql\data\ibtmp1' size is now 12 MB.
2020-10-16 20:10:40 0 [Note] InnoDB: Waiting for purge to start
2020-10-16 20:10:40 0 [Note] InnoDB: 10.4.14 started; log sequence number 338059; transaction id 309
2020-10-16 20:10:40 0 [Note] InnoDB: Loading buffer pool(s) from C:\IT1100-IWT---Assignment-01\V2\Xampp\mysql\data\ib_buffer_pool
2020-10-16 20:10:40 0 [Note] Plugin 'FEEDBACK' is disabled.
2020-10-16 20:10:40 0 [Note] Server socket created on IP: '::'.
2020-10-16 20:10:40 0 [Note] InnoDB: Buffer pool(s) load completed at 201016 20:10:40
InnoDB: using atomic writes.
2020-10-16 20:10:58 0 [Note] InnoDB: Mutexes and rw_locks use Windows interlocked functions
2020-10-16 20:10:58 0 [Note] InnoDB: Uses event mutexes
2020-10-16 20:10:58 0 [Note] InnoDB: Compressed tables use zlib 1.2.11
2020-10-16 20:10:58 0 [Note] InnoDB: Number of pools: 1
2020-10-16 20:10:58 0 [Note] InnoDB: Using SSE2 crc32 instructions
2020-10-16 20:10:58 0 [Note] InnoDB: Initializing buffer pool, total size = 16M, instances = 1, chunk size = 16M
2020-10-16 20:10:58 0 [Note] InnoDB: Completed initialization of buffer pool
2020-10-16 20:10:58 0 [Note] InnoDB: Starting crash recovery from checkpoint LSN=338068
2020-10-16 20:10:59 0 [Note] InnoDB: 128 out of 128 rollback segments are active.
2020-10-16 20:10:59 0 [Note] InnoDB: Removed temporary tablespace data file: "ibtmp1"
2020-10-16 20:10:59 0 [Note] InnoDB: Creating shared tablespace for temporary tables
2020-10-16 20:10:59 0 [Note] InnoDB: Setting file 'C:\IT1100-IWT---Assignment-01\V2\Xampp\mysql\data\ibtmp1' size to 12 MB. Physically writing the file full; Please wait ...
2020-10-16 20:10:59 0 [Note] InnoDB: File 'C:\IT1100-IWT---Assignment-01\V2\Xampp\mysql\data\ibtmp1' size is now 12 MB.
2020-10-16 20:10:59 0 [Note] InnoDB: 10.4.14 started; log sequence number 338077; transaction id 309
2020-10-16 20:10:59 0 [Note] InnoDB: Loading buffer pool(s) from C:\IT1100-IWT---Assignment-01\V2\Xampp\mysql\data\ib_buffer_pool
2020-10-16 20:10:59 0 [Note] Plugin 'FEEDBACK' is disabled.
2020-10-16 20:10:59 0 [Note] Server socket created on IP: '::'.
InnoDB: using atomic writes.
2020-10-16 20:26:52 0 [Note] InnoDB: Mutexes and rw_locks use Windows interlocked functions
2020-10-16 20:26:52 0 [Note] InnoDB: Uses event mutexes
2020-10-16 20:26:52 0 [Note] InnoDB: Compressed tables use zlib 1.2.11
2020-10-16 20:26:52 0 [Note] InnoDB: Number of pools: 1
2020-10-16 20:26:52 0 [Note] InnoDB: Using SSE2 crc32 instructions
2020-10-16 20:26:52 0 [Note] InnoDB: Initializing buffer pool, total size = 16M, instances = 1, chunk size = 16M
2020-10-16 20:26:52 0 [Note] InnoDB: Completed initialization of buffer pool
2020-10-16 20:26:52 0 [Note] InnoDB: Starting crash recovery from checkpoint LSN=339366
2020-10-16 20:26:53 0 [Note] InnoDB: 128 out of 128 rollback segments are active.
2020-10-16 20:26:53 0 [Note] InnoDB: Removed temporary tablespace data file: "ibtmp1"
2020-10-16 20:26:53 0 [Note] InnoDB: Creating shared tablespace for temporary tables
2020-10-16 20:26:53 0 [Note] InnoDB: Setting file 'C:\IT1100-IWT---Assignment-01\V2\Xampp\mysql\data\ibtmp1' size to 12 MB. Physically writing the file full; Please wait ...
2020-10-16 20:26:53 0 [Note] InnoDB: File 'C:\IT1100-IWT---Assignment-01\V2\Xampp\mysql\data\ibtmp1' size is now 12 MB.
2020-10-16 20:26:53 0 [Note] InnoDB: Waiting for purge to start
2020-10-16 20:26:53 0 [Note] InnoDB: 10.4.14 started; log sequence number 339375; transaction id 327
2020-10-16 20:26:53 0 [Note] InnoDB: Loading buffer pool(s) from C:\IT1100-IWT---Assignment-01\V2\Xampp\mysql\data\ib_buffer_pool
2020-10-16 20:26:53 0 [Note] Plugin 'FEEDBACK' is disabled.
2020-10-16 20:26:53 0 [Note] Server socket created on IP: '::'.
InnoDB: using atomic writes.
2020-10-17  7:40:39 0 [Note] InnoDB: Mutexes and rw_locks use Windows interlocked functions
2020-10-17  7:40:39 0 [Note] InnoDB: Uses event mutexes
2020-10-17  7:40:39 0 [Note] InnoDB: Compressed tables use zlib 1.2.11
2020-10-17  7:40:39 0 [Note] InnoDB: Number of pools: 1
2020-10-17  7:40:39 0 [Note] InnoDB: Using SSE2 crc32 instructions
2020-10-17  7:40:39 0 [Note] InnoDB: Initializing buffer pool, total size = 16M, instances = 1, chunk size = 16M
2020-10-17  7:40:39 0 [Note] InnoDB: Completed initialization of buffer pool
2020-10-17  7:40:39 0 [Note] InnoDB: Starting crash recovery from checkpoint LSN=340401
2020-10-17  7:40:39 0 [Note] InnoDB: 128 out of 128 rollback segments are active.
2020-10-17  7:40:39 0 [Note] InnoDB: Removed temporary tablespace data file: "ibtmp1"
2020-10-17  7:40:39 0 [Note] InnoDB: Creating shared tablespace for temporary tables
2020-10-17  7:40:39 0 [Note] InnoDB: Setting file 'C:\IT1100-IWT---Assignment-01\V2\Xampp\mysql\data\ibtmp1' size to 12 MB. Physically writing the file full; Please wait ...
2020-10-17  7:40:39 0 [Note] InnoDB: File 'C:\IT1100-IWT---Assignment-01\V2\Xampp\mysql\data\ibtmp1' size is now 12 MB.
2020-10-17  7:40:39 0 [Note] InnoDB: 10.4.14 started; log sequence number 340410; transaction id 345
2020-10-17  7:40:40 0 [Note] InnoDB: Loading buffer pool(s) from C:\IT1100-IWT---Assignment-01\V2\Xampp\mysql\data\ib_buffer_pool
2020-10-17  7:40:40 0 [Note] Plugin 'FEEDBACK' is disabled.
2020-10-17  7:40:40 0 [Note] Server socket created on IP: '::'.
2020-10-17  7:40:40 0 [Note] InnoDB: Buffer pool(s) load completed at 201017  7:40:40
