[Fri Oct 16 10:01:59.628386 2020] [ssl:warn] [pid 17212:tid 604] AH01909: www.example.com:443:0 server certificate does NOT include an ID which matches the server name
[Fri Oct 16 10:01:59.744125 2020] [ssl:warn] [pid 17212:tid 604] AH01909: www.example.com:443:0 server certificate does NOT include an ID which matches the server name
[Fri Oct 16 10:01:59.893378 2020] [mpm_winnt:notice] [pid 17212:tid 604] AH00455: Apache/2.4.46 (Win64) OpenSSL/1.1.1g PHP/7.2.34 configured -- resuming normal operations
[Fri Oct 16 10:01:59.893378 2020] [mpm_winnt:notice] [pid 17212:tid 604] AH00456: Apache Lounge VC15 Server built: Aug  4 2020 11:50:23
[Fri Oct 16 10:01:59.893378 2020] [core:notice] [pid 17212:tid 604] AH00094: Command line: 'c:\\it1100-iwt---assignment-01\\v2\\xampp\\apache\\bin\\httpd.exe -d C:/IT1100-IWT---Assignment-01/V2/Xampp/apache'
[Fri Oct 16 10:01:59.899358 2020] [mpm_winnt:notice] [pid 17212:tid 604] AH00418: Parent: Created child process 18392
[Fri Oct 16 10:02:00.403969 2020] [ssl:warn] [pid 18392:tid 592] AH01909: www.example.com:443:0 server certificate does NOT include an ID which matches the server name
[Fri Oct 16 10:02:00.473667 2020] [ssl:warn] [pid 18392:tid 592] AH01909: www.example.com:443:0 server certificate does NOT include an ID which matches the server name
[Fri Oct 16 10:02:00.502257 2020] [mpm_winnt:notice] [pid 18392:tid 592] AH00354: Child: Starting 150 worker threads.
[Fri Oct 16 10:03:51.006730 2020] [ssl:warn] [pid 11376:tid 588] AH01909: www.example.com:443:0 server certificate does NOT include an ID which matches the server name
[Fri Oct 16 10:03:51.088511 2020] [core:warn] [pid 11376:tid 588] AH00098: pid file C:/IT1100-IWT---Assignment-01/V2/Xampp/apache/logs/httpd.pid overwritten -- Unclean shutdown of previous Apache run?
[Fri Oct 16 10:03:51.098485 2020] [ssl:warn] [pid 11376:tid 588] AH01909: www.example.com:443:0 server certificate does NOT include an ID which matches the server name
[Fri Oct 16 10:03:51.134389 2020] [mpm_winnt:notice] [pid 11376:tid 588] AH00455: Apache/2.4.46 (Win64) OpenSSL/1.1.1g PHP/7.2.34 configured -- resuming normal operations
[Fri Oct 16 10:03:51.134389 2020] [mpm_winnt:notice] [pid 11376:tid 588] AH00456: Apache Lounge VC15 Server built: Aug  4 2020 11:50:23
[Fri Oct 16 10:03:51.134389 2020] [core:notice] [pid 11376:tid 588] AH00094: Command line: 'c:\\it1100-iwt---assignment-01\\v2\\xampp\\apache\\bin\\httpd.exe -d C:/IT1100-IWT---Assignment-01/V2/Xampp/apache'
[Fri Oct 16 10:03:51.140373 2020] [mpm_winnt:notice] [pid 11376:tid 588] AH00418: Parent: Created child process 17528
[Fri Oct 16 10:03:51.794454 2020] [ssl:warn] [pid 17528:tid 600] AH01909: www.example.com:443:0 server certificate does NOT include an ID which matches the server name
[Fri Oct 16 10:03:51.869601 2020] [ssl:warn] [pid 17528:tid 600] AH01909: www.example.com:443:0 server certificate does NOT include an ID which matches the server name
[Fri Oct 16 10:03:51.900633 2020] [mpm_winnt:notice] [pid 17528:tid 600] AH00354: Child: Starting 150 worker threads.
[Fri Oct 16 10:05:55.706760 2020] [ssl:warn] [pid 11100:tid 608] AH01909: www.example.com:443:0 server certificate does NOT include an ID which matches the server name
[Fri Oct 16 10:05:55.763656 2020] [core:warn] [pid 11100:tid 608] AH00098: pid file C:/IT1100-IWT---Assignment-01/V2/Xampp/apache/logs/httpd.pid overwritten -- Unclean shutdown of previous Apache run?
[Fri Oct 16 10:05:55.768678 2020] [ssl:warn] [pid 11100:tid 608] AH01909: www.example.com:443:0 server certificate does NOT include an ID which matches the server name
[Fri Oct 16 10:05:55.792926 2020] [mpm_winnt:notice] [pid 11100:tid 608] AH00455: Apache/2.4.46 (Win64) OpenSSL/1.1.1g PHP/7.2.34 configured -- resuming normal operations
[Fri Oct 16 10:05:55.792926 2020] [mpm_winnt:notice] [pid 11100:tid 608] AH00456: Apache Lounge VC15 Server built: Aug  4 2020 11:50:23
[Fri Oct 16 10:05:55.792926 2020] [core:notice] [pid 11100:tid 608] AH00094: Command line: 'c:\\it1100-iwt---assignment-01\\v2\\xampp\\apache\\bin\\httpd.exe -d C:/IT1100-IWT---Assignment-01/V2/Xampp/apache'
[Fri Oct 16 10:05:55.797142 2020] [mpm_winnt:notice] [pid 11100:tid 608] AH00418: Parent: Created child process 20592
[Fri Oct 16 10:05:56.299626 2020] [ssl:warn] [pid 20592:tid 504] AH01909: www.example.com:443:0 server certificate does NOT include an ID which matches the server name
[Fri Oct 16 10:05:56.375571 2020] [ssl:warn] [pid 20592:tid 504] AH01909: www.example.com:443:0 server certificate does NOT include an ID which matches the server name
[Fri Oct 16 10:05:56.399507 2020] [mpm_winnt:notice] [pid 20592:tid 504] AH00354: Child: Starting 150 worker threads.
[Fri Oct 16 18:13:06.523697 2020] [ssl:warn] [pid 10496:tid 544] AH01909: www.example.com:443:0 server certificate does NOT include an ID which matches the server name
[Fri Oct 16 18:13:06.580875 2020] [core:warn] [pid 10496:tid 544] AH00098: pid file C:/IT1100-IWT---Assignment-01/V2/Xampp/apache/logs/httpd.pid overwritten -- Unclean shutdown of previous Apache run?
[Fri Oct 16 18:13:06.586894 2020] [ssl:warn] [pid 10496:tid 544] AH01909: www.example.com:443:0 server certificate does NOT include an ID which matches the server name
[Fri Oct 16 18:13:06.867730 2020] [mpm_winnt:notice] [pid 10496:tid 544] AH00455: Apache/2.4.46 (Win64) OpenSSL/1.1.1g PHP/7.2.34 configured -- resuming normal operations
[Fri Oct 16 18:13:06.867730 2020] [mpm_winnt:notice] [pid 10496:tid 544] AH00456: Apache Lounge VC15 Server built: Aug  4 2020 11:50:23
[Fri Oct 16 18:13:06.867730 2020] [core:notice] [pid 10496:tid 544] AH00094: Command line: 'c:\\it1100-iwt---assignment-01\\v2\\xampp\\apache\\bin\\httpd.exe -d C:/IT1100-IWT---Assignment-01/V2/Xampp/apache'
[Fri Oct 16 18:13:06.870723 2020] [mpm_winnt:notice] [pid 10496:tid 544] AH00418: Parent: Created child process 11992
[Fri Oct 16 18:13:07.299244 2020] [ssl:warn] [pid 11992:tid 572] AH01909: www.example.com:443:0 server certificate does NOT include an ID which matches the server name
[Fri Oct 16 18:13:07.353430 2020] [ssl:warn] [pid 11992:tid 572] AH01909: www.example.com:443:0 server certificate does NOT include an ID which matches the server name
[Fri Oct 16 18:13:07.378669 2020] [mpm_winnt:notice] [pid 11992:tid 572] AH00354: Child: Starting 150 worker threads.
[Fri Oct 16 19:25:30.816853 2020] [php7:notice] [pid 11992:tid 1804] [client ::1:49503] PHP Notice:  Undefined variable: db in C:\\IT1100-IWT---Assignment-01\\V2\\Xampp\\htdocs\\php\\Auth.php on line 10, referer: http://localhost/php/Register.php
[Fri Oct 16 19:25:30.817850 2020] [php7:warn] [pid 11992:tid 1804] [client ::1:49503] PHP Warning:  mysqli_real_escape_string() expects parameter 1 to be mysqli, null given in C:\\IT1100-IWT---Assignment-01\\V2\\Xampp\\htdocs\\php\\Auth.php on line 10, referer: http://localhost/php/Register.php
[Fri Oct 16 19:25:30.817850 2020] [php7:notice] [pid 11992:tid 1804] [client ::1:49503] PHP Notice:  Undefined variable: db in C:\\IT1100-IWT---Assignment-01\\V2\\Xampp\\htdocs\\php\\Auth.php on line 11, referer: http://localhost/php/Register.php
[Fri Oct 16 19:25:30.818847 2020] [php7:warn] [pid 11992:tid 1804] [client ::1:49503] PHP Warning:  mysqli_real_escape_string() expects parameter 1 to be mysqli, null given in C:\\IT1100-IWT---Assignment-01\\V2\\Xampp\\htdocs\\php\\Auth.php on line 11, referer: http://localhost/php/Register.php
[Fri Oct 16 19:25:30.818847 2020] [php7:notice] [pid 11992:tid 1804] [client ::1:49503] PHP Notice:  Undefined variable: db in C:\\IT1100-IWT---Assignment-01\\V2\\Xampp\\htdocs\\php\\Auth.php on line 12, referer: http://localhost/php/Register.php
[Fri Oct 16 19:25:30.818847 2020] [php7:warn] [pid 11992:tid 1804] [client ::1:49503] PHP Warning:  mysqli_real_escape_string() expects parameter 1 to be mysqli, null given in C:\\IT1100-IWT---Assignment-01\\V2\\Xampp\\htdocs\\php\\Auth.php on line 12, referer: http://localhost/php/Register.php
[Fri Oct 16 19:25:30.819844 2020] [php7:notice] [pid 11992:tid 1804] [client ::1:49503] PHP Notice:  Undefined variable: db in C:\\IT1100-IWT---Assignment-01\\V2\\Xampp\\htdocs\\php\\Auth.php on line 13, referer: http://localhost/php/Register.php
[Fri Oct 16 19:25:30.819844 2020] [php7:warn] [pid 11992:tid 1804] [client ::1:49503] PHP Warning:  mysqli_real_escape_string() expects parameter 1 to be mysqli, null given in C:\\IT1100-IWT---Assignment-01\\V2\\Xampp\\htdocs\\php\\Auth.php on line 13, referer: http://localhost/php/Register.php
[Fri Oct 16 19:25:30.819844 2020] [php7:warn] [pid 11992:tid 1804] [client ::1:49503] PHP Warning:  array_push() expects parameter 1 to be array, null given in C:\\IT1100-IWT---Assignment-01\\V2\\Xampp\\htdocs\\php\\Auth.php on line 17, referer: http://localhost/php/Register.php
[Fri Oct 16 19:25:30.819844 2020] [php7:warn] [pid 11992:tid 1804] [client ::1:49503] PHP Warning:  array_push() expects parameter 1 to be array, null given in C:\\IT1100-IWT---Assignment-01\\V2\\Xampp\\htdocs\\php\\Auth.php on line 18, referer: http://localhost/php/Register.php
[Fri Oct 16 19:25:30.820842 2020] [php7:warn] [pid 11992:tid 1804] [client ::1:49503] PHP Warning:  array_push() expects parameter 1 to be array, null given in C:\\IT1100-IWT---Assignment-01\\V2\\Xampp\\htdocs\\php\\Auth.php on line 19, referer: http://localhost/php/Register.php
[Fri Oct 16 19:25:30.820842 2020] [php7:notice] [pid 11992:tid 1804] [client ::1:49503] PHP Notice:  Undefined variable: db in C:\\IT1100-IWT---Assignment-01\\V2\\Xampp\\htdocs\\php\\Auth.php on line 27, referer: http://localhost/php/Register.php
[Fri Oct 16 19:25:30.820842 2020] [php7:warn] [pid 11992:tid 1804] [client ::1:49503] PHP Warning:  mysqli_query() expects parameter 1 to be mysqli, null given in C:\\IT1100-IWT---Assignment-01\\V2\\Xampp\\htdocs\\php\\Auth.php on line 27, referer: http://localhost/php/Register.php
[Fri Oct 16 19:25:30.820842 2020] [php7:warn] [pid 11992:tid 1804] [client ::1:49503] PHP Warning:  mysqli_fetch_assoc() expects parameter 1 to be mysqli_result, null given in C:\\IT1100-IWT---Assignment-01\\V2\\Xampp\\htdocs\\php\\Auth.php on line 28, referer: http://localhost/php/Register.php
[Fri Oct 16 19:25:30.821839 2020] [php7:warn] [pid 11992:tid 1804] [client ::1:49503] PHP Warning:  count(): Parameter must be an array or an object that implements Countable in C:\\IT1100-IWT---Assignment-01\\V2\\Xampp\\htdocs\\php\\Auth.php on line 41, referer: http://localhost/php/Register.php
[Fri Oct 16 19:25:30.821839 2020] [php7:notice] [pid 11992:tid 1804] [client ::1:49503] PHP Notice:  Undefined variable: db in C:\\IT1100-IWT---Assignment-01\\V2\\Xampp\\htdocs\\php\\Auth.php on line 46, referer: http://localhost/php/Register.php
[Fri Oct 16 19:25:30.821839 2020] [php7:warn] [pid 11992:tid 1804] [client ::1:49503] PHP Warning:  mysqli_query() expects parameter 1 to be mysqli, null given in C:\\IT1100-IWT---Assignment-01\\V2\\Xampp\\htdocs\\php\\Auth.php on line 46, referer: http://localhost/php/Register.php
[Fri Oct 16 19:25:30.826994 2020] [php7:error] [pid 11992:tid 1804] [client ::1:49503] script 'C:/IT1100-IWT---Assignment-01/V2/Xampp/htdocs/php/index.php' not found or unable to stat, referer: http://localhost/php/Register.php
[Fri Oct 16 19:27:15.373747 2020] [php7:notice] [pid 11992:tid 1780] [client ::1:49637] PHP Notice:  Undefined variable: db in C:\\IT1100-IWT---Assignment-01\\V2\\Xampp\\htdocs\\php\\Auth.php on line 11, referer: http://localhost/php/Register.php
[Fri Oct 16 19:27:15.373747 2020] [php7:warn] [pid 11992:tid 1780] [client ::1:49637] PHP Warning:  mysqli_real_escape_string() expects parameter 1 to be mysqli, null given in C:\\IT1100-IWT---Assignment-01\\V2\\Xampp\\htdocs\\php\\Auth.php on line 11, referer: http://localhost/php/Register.php
[Fri Oct 16 19:27:15.373747 2020] [php7:notice] [pid 11992:tid 1780] [client ::1:49637] PHP Notice:  Undefined variable: db in C:\\IT1100-IWT---Assignment-01\\V2\\Xampp\\htdocs\\php\\Auth.php on line 12, referer: http://localhost/php/Register.php
[Fri Oct 16 19:27:15.373747 2020] [php7:warn] [pid 11992:tid 1780] [client ::1:49637] PHP Warning:  mysqli_real_escape_string() expects parameter 1 to be mysqli, null given in C:\\IT1100-IWT---Assignment-01\\V2\\Xampp\\htdocs\\php\\Auth.php on line 12, referer: http://localhost/php/Register.php
[Fri Oct 16 19:27:15.374746 2020] [php7:notice] [pid 11992:tid 1780] [client ::1:49637] PHP Notice:  Undefined variable: db in C:\\IT1100-IWT---Assignment-01\\V2\\Xampp\\htdocs\\php\\Auth.php on line 13, referer: http://localhost/php/Register.php
[Fri Oct 16 19:27:15.374746 2020] [php7:warn] [pid 11992:tid 1780] [client ::1:49637] PHP Warning:  mysqli_real_escape_string() expects parameter 1 to be mysqli, null given in C:\\IT1100-IWT---Assignment-01\\V2\\Xampp\\htdocs\\php\\Auth.php on line 13, referer: http://localhost/php/Register.php
[Fri Oct 16 19:27:15.374746 2020] [php7:notice] [pid 11992:tid 1780] [client ::1:49637] PHP Notice:  Undefined variable: db in C:\\IT1100-IWT---Assignment-01\\V2\\Xampp\\htdocs\\php\\Auth.php on line 14, referer: http://localhost/php/Register.php
[Fri Oct 16 19:27:15.374746 2020] [php7:warn] [pid 11992:tid 1780] [client ::1:49637] PHP Warning:  mysqli_real_escape_string() expects parameter 1 to be mysqli, null given in C:\\IT1100-IWT---Assignment-01\\V2\\Xampp\\htdocs\\php\\Auth.php on line 14, referer: http://localhost/php/Register.php
[Fri Oct 16 19:27:15.375742 2020] [php7:warn] [pid 11992:tid 1780] [client ::1:49637] PHP Warning:  array_push() expects parameter 1 to be array, null given in C:\\IT1100-IWT---Assignment-01\\V2\\Xampp\\htdocs\\php\\Auth.php on line 18, referer: http://localhost/php/Register.php
[Fri Oct 16 19:27:15.375742 2020] [php7:warn] [pid 11992:tid 1780] [client ::1:49637] PHP Warning:  array_push() expects parameter 1 to be array, null given in C:\\IT1100-IWT---Assignment-01\\V2\\Xampp\\htdocs\\php\\Auth.php on line 19, referer: http://localhost/php/Register.php
[Fri Oct 16 19:27:15.375742 2020] [php7:warn] [pid 11992:tid 1780] [client ::1:49637] PHP Warning:  array_push() expects parameter 1 to be array, null given in C:\\IT1100-IWT---Assignment-01\\V2\\Xampp\\htdocs\\php\\Auth.php on line 20, referer: http://localhost/php/Register.php
[Fri Oct 16 19:27:15.375742 2020] [php7:notice] [pid 11992:tid 1780] [client ::1:49637] PHP Notice:  Undefined variable: db in C:\\IT1100-IWT---Assignment-01\\V2\\Xampp\\htdocs\\php\\Auth.php on line 28, referer: http://localhost/php/Register.php
[Fri Oct 16 19:27:15.375742 2020] [php7:warn] [pid 11992:tid 1780] [client ::1:49637] PHP Warning:  mysqli_query() expects parameter 1 to be mysqli, null given in C:\\IT1100-IWT---Assignment-01\\V2\\Xampp\\htdocs\\php\\Auth.php on line 28, referer: http://localhost/php/Register.php
[Fri Oct 16 19:27:15.376739 2020] [php7:warn] [pid 11992:tid 1780] [client ::1:49637] PHP Warning:  mysqli_fetch_assoc() expects parameter 1 to be mysqli_result, null given in C:\\IT1100-IWT---Assignment-01\\V2\\Xampp\\htdocs\\php\\Auth.php on line 29, referer: http://localhost/php/Register.php
[Fri Oct 16 19:27:15.376739 2020] [php7:warn] [pid 11992:tid 1780] [client ::1:49637] PHP Warning:  count(): Parameter must be an array or an object that implements Countable in C:\\IT1100-IWT---Assignment-01\\V2\\Xampp\\htdocs\\php\\Auth.php on line 42, referer: http://localhost/php/Register.php
[Fri Oct 16 19:27:15.376739 2020] [php7:notice] [pid 11992:tid 1780] [client ::1:49637] PHP Notice:  Undefined variable: db in C:\\IT1100-IWT---Assignment-01\\V2\\Xampp\\htdocs\\php\\Auth.php on line 47, referer: http://localhost/php/Register.php
[Fri Oct 16 19:27:15.376739 2020] [php7:warn] [pid 11992:tid 1780] [client ::1:49637] PHP Warning:  mysqli_query() expects parameter 1 to be mysqli, null given in C:\\IT1100-IWT---Assignment-01\\V2\\Xampp\\htdocs\\php\\Auth.php on line 47, referer: http://localhost/php/Register.php
[Fri Oct 16 19:29:17.481634 2020] [php7:notice] [pid 11992:tid 1780] [client ::1:55058] PHP Notice:  Undefined variable: db in C:\\IT1100-IWT---Assignment-01\\V2\\Xampp\\htdocs\\php\\Auth.php on line 12, referer: http://localhost/php/Register.php
[Fri Oct 16 19:29:17.482632 2020] [php7:warn] [pid 11992:tid 1780] [client ::1:55058] PHP Warning:  mysqli_real_escape_string() expects parameter 1 to be mysqli, null given in C:\\IT1100-IWT---Assignment-01\\V2\\Xampp\\htdocs\\php\\Auth.php on line 12, referer: http://localhost/php/Register.php
[Fri Oct 16 19:29:17.482632 2020] [php7:notice] [pid 11992:tid 1780] [client ::1:55058] PHP Notice:  Undefined variable: db in C:\\IT1100-IWT---Assignment-01\\V2\\Xampp\\htdocs\\php\\Auth.php on line 13, referer: http://localhost/php/Register.php
[Fri Oct 16 19:29:17.482632 2020] [php7:warn] [pid 11992:tid 1780] [client ::1:55058] PHP Warning:  mysqli_real_escape_string() expects parameter 1 to be mysqli, null given in C:\\IT1100-IWT---Assignment-01\\V2\\Xampp\\htdocs\\php\\Auth.php on line 13, referer: http://localhost/php/Register.php
[Fri Oct 16 19:29:17.482632 2020] [php7:notice] [pid 11992:tid 1780] [client ::1:55058] PHP Notice:  Undefined variable: db in C:\\IT1100-IWT---Assignment-01\\V2\\Xampp\\htdocs\\php\\Auth.php on line 14, referer: http://localhost/php/Register.php
[Fri Oct 16 19:29:17.483629 2020] [php7:warn] [pid 11992:tid 1780] [client ::1:55058] PHP Warning:  mysqli_real_escape_string() expects parameter 1 to be mysqli, null given in C:\\IT1100-IWT---Assignment-01\\V2\\Xampp\\htdocs\\php\\Auth.php on line 14, referer: http://localhost/php/Register.php
[Fri Oct 16 19:29:17.483629 2020] [php7:notice] [pid 11992:tid 1780] [client ::1:55058] PHP Notice:  Undefined variable: db in C:\\IT1100-IWT---Assignment-01\\V2\\Xampp\\htdocs\\php\\Auth.php on line 15, referer: http://localhost/php/Register.php
[Fri Oct 16 19:29:17.483629 2020] [php7:warn] [pid 11992:tid 1780] [client ::1:55058] PHP Warning:  mysqli_real_escape_string() expects parameter 1 to be mysqli, null given in C:\\IT1100-IWT---Assignment-01\\V2\\Xampp\\htdocs\\php\\Auth.php on line 15, referer: http://localhost/php/Register.php
[Fri Oct 16 19:29:17.483629 2020] [php7:notice] [pid 11992:tid 1780] [client ::1:55058] PHP Notice:  Undefined variable: db in C:\\IT1100-IWT---Assignment-01\\V2\\Xampp\\htdocs\\php\\Auth.php on line 29, referer: http://localhost/php/Register.php
[Fri Oct 16 19:29:17.484626 2020] [php7:warn] [pid 11992:tid 1780] [client ::1:55058] PHP Warning:  mysqli_query() expects parameter 1 to be mysqli, null given in C:\\IT1100-IWT---Assignment-01\\V2\\Xampp\\htdocs\\php\\Auth.php on line 29, referer: http://localhost/php/Register.php
[Fri Oct 16 19:29:17.484626 2020] [php7:warn] [pid 11992:tid 1780] [client ::1:55058] PHP Warning:  mysqli_fetch_assoc() expects parameter 1 to be mysqli_result, null given in C:\\IT1100-IWT---Assignment-01\\V2\\Xampp\\htdocs\\php\\Auth.php on line 30, referer: http://localhost/php/Register.php
[Fri Oct 16 19:30:35.551173 2020] [php7:notice] [pid 11992:tid 1780] [client ::1:55100] PHP Notice:  Undefined variable: conn in C:\\IT1100-IWT---Assignment-01\\V2\\Xampp\\htdocs\\php\\config.php on line 11, referer: http://localhost/php/Register.php
[Fri Oct 16 19:30:35.551173 2020] [php7:notice] [pid 11992:tid 1780] [client ::1:55100] PHP Notice:  Trying to get property 'connect_error' of non-object in C:\\IT1100-IWT---Assignment-01\\V2\\Xampp\\htdocs\\php\\config.php on line 11, referer: http://localhost/php/Register.php
[Fri Oct 16 19:32:53.364962 2020] [php7:notice] [pid 11992:tid 1780] [client ::1:55150] PHP Notice:  Undefined variable: conn in C:\\IT1100-IWT---Assignment-01\\V2\\Xampp\\htdocs\\php\\config.php on line 11, referer: http://localhost/php/Register.php
[Fri Oct 16 19:32:53.365817 2020] [php7:notice] [pid 11992:tid 1780] [client ::1:55150] PHP Notice:  Trying to get property 'connect_error' of non-object in C:\\IT1100-IWT---Assignment-01\\V2\\Xampp\\htdocs\\php\\config.php on line 11, referer: http://localhost/php/Register.php
[Fri Oct 16 20:10:39.948565 2020] [ssl:warn] [pid 4364:tid 556] AH01909: www.example.com:443:0 server certificate does NOT include an ID which matches the server name
[Fri Oct 16 20:10:39.999293 2020] [core:warn] [pid 4364:tid 556] AH00098: pid file C:/IT1100-IWT---Assignment-01/V2/Xampp/apache/logs/httpd.pid overwritten -- Unclean shutdown of previous Apache run?
[Fri Oct 16 20:10:40.003251 2020] [ssl:warn] [pid 4364:tid 556] AH01909: www.example.com:443:0 server certificate does NOT include an ID which matches the server name
[Fri Oct 16 20:10:40.033170 2020] [mpm_winnt:notice] [pid 4364:tid 556] AH00455: Apache/2.4.46 (Win64) OpenSSL/1.1.1g PHP/7.2.34 configured -- resuming normal operations
[Fri Oct 16 20:10:40.033170 2020] [mpm_winnt:notice] [pid 4364:tid 556] AH00456: Apache Lounge VC15 Server built: Aug  4 2020 11:50:23
[Fri Oct 16 20:10:40.033170 2020] [core:notice] [pid 4364:tid 556] AH00094: Command line: 'c:\\it1100-iwt---assignment-01\\v2\\xampp\\apache\\bin\\httpd.exe -d C:/IT1100-IWT---Assignment-01/V2/Xampp/apache'
[Fri Oct 16 20:10:40.036162 2020] [mpm_winnt:notice] [pid 4364:tid 556] AH00418: Parent: Created child process 468
[Fri Oct 16 20:10:40.469825 2020] [ssl:warn] [pid 468:tid 580] AH01909: www.example.com:443:0 server certificate does NOT include an ID which matches the server name
[Fri Oct 16 20:10:40.530654 2020] [ssl:warn] [pid 468:tid 580] AH01909: www.example.com:443:0 server certificate does NOT include an ID which matches the server name
[Fri Oct 16 20:10:40.556586 2020] [mpm_winnt:notice] [pid 468:tid 580] AH00354: Child: Starting 150 worker threads.
[Fri Oct 16 20:26:51.171403 2020] [ssl:warn] [pid 1384:tid 596] AH01909: www.example.com:443:0 server certificate does NOT include an ID which matches the server name
[Fri Oct 16 20:26:51.218267 2020] [core:warn] [pid 1384:tid 596] AH00098: pid file C:/IT1100-IWT---Assignment-01/V2/Xampp/apache/logs/httpd.pid overwritten -- Unclean shutdown of previous Apache run?
[Fri Oct 16 20:26:51.218267 2020] [ssl:warn] [pid 1384:tid 596] AH01909: www.example.com:443:0 server certificate does NOT include an ID which matches the server name
[Fri Oct 16 20:26:51.249545 2020] [mpm_winnt:notice] [pid 1384:tid 596] AH00455: Apache/2.4.46 (Win64) OpenSSL/1.1.1g PHP/7.2.34 configured -- resuming normal operations
[Fri Oct 16 20:26:51.249545 2020] [mpm_winnt:notice] [pid 1384:tid 596] AH00456: Apache Lounge VC15 Server built: Aug  4 2020 11:50:23
[Fri Oct 16 20:26:51.249545 2020] [core:notice] [pid 1384:tid 596] AH00094: Command line: 'c:\\it1100-iwt---assignment-01\\v2\\xampp\\apache\\bin\\httpd.exe -d C:/IT1100-IWT---Assignment-01/V2/Xampp/apache'
[Fri Oct 16 20:26:51.249545 2020] [mpm_winnt:notice] [pid 1384:tid 596] AH00418: Parent: Created child process 5220
[Fri Oct 16 20:26:51.780637 2020] [ssl:warn] [pid 5220:tid 568] AH01909: www.example.com:443:0 server certificate does NOT include an ID which matches the server name
[Fri Oct 16 20:26:51.827533 2020] [ssl:warn] [pid 5220:tid 568] AH01909: www.example.com:443:0 server certificate does NOT include an ID which matches the server name
[Fri Oct 16 20:26:51.858742 2020] [mpm_winnt:notice] [pid 5220:tid 568] AH00354: Child: Starting 150 worker threads.
[Sat Oct 17 07:40:39.967055 2020] [ssl:warn] [pid 12320:tid 484] AH01909: www.example.com:443:0 server certificate does NOT include an ID which matches the server name
[Sat Oct 17 07:40:40.126630 2020] [core:warn] [pid 12320:tid 484] AH00098: pid file C:/IT1100-IWT---Assignment-01/V2/Xampp/apache/logs/httpd.pid overwritten -- Unclean shutdown of previous Apache run?
[Sat Oct 17 07:40:40.139594 2020] [ssl:warn] [pid 12320:tid 484] AH01909: www.example.com:443:0 server certificate does NOT include an ID which matches the server name
[Sat Oct 17 07:40:40.192860 2020] [mpm_winnt:notice] [pid 12320:tid 484] AH00455: Apache/2.4.46 (Win64) OpenSSL/1.1.1g PHP/7.2.34 configured -- resuming normal operations
[Sat Oct 17 07:40:40.192860 2020] [mpm_winnt:notice] [pid 12320:tid 484] AH00456: Apache Lounge VC15 Server built: Aug  4 2020 11:50:23
[Sat Oct 17 07:40:40.192860 2020] [core:notice] [pid 12320:tid 484] AH00094: Command line: 'c:\\it1100-iwt---assignment-01\\v2\\xampp\\apache\\bin\\httpd.exe -d C:/IT1100-IWT---Assignment-01/V2/Xampp/apache'
[Sat Oct 17 07:40:40.198844 2020] [mpm_winnt:notice] [pid 12320:tid 484] AH00418: Parent: Created child process 21440
[Sat Oct 17 07:40:40.931396 2020] [ssl:warn] [pid 21440:tid 508] AH01909: www.example.com:443:0 server certificate does NOT include an ID which matches the server name
[Sat Oct 17 07:40:41.027140 2020] [ssl:warn] [pid 21440:tid 508] AH01909: www.example.com:443:0 server certificate does NOT include an ID which matches the server name
[Sat Oct 17 07:40:41.095958 2020] [mpm_winnt:notice] [pid 21440:tid 508] AH00354: Child: Starting 150 worker threads.
[Sat Oct 17 08:35:49.377159 2020] [php7:error] [pid 21440:tid 1812] [client ::1:51226] script 'C:/IT1100-IWT---Assignment-01/V2/Xampp/htdocs/php/index.php' not found or unable to stat, referer: http://localhost/php/Edash.php
[Sat Oct 17 08:51:07.274949 2020] [php7:notice] [pid 21440:tid 1812] [client ::1:51406] PHP Notice:  Undefined index: balance in C:\\IT1100-IWT---Assignment-01\\V2\\Xampp\\htdocs\\php\\Edash.php on line 40, referer: http://localhost/php/login.php
[Sat Oct 17 09:14:02.978324 2020] [ssl:warn] [pid 15744:tid 696] AH01909: www.example.com:443:0 server certificate does NOT include an ID which matches the server name
[Sat Oct 17 09:14:03.154618 2020] [core:warn] [pid 15744:tid 696] AH00098: pid file C:/IT1100-IWT---Assignment-01/V2/Xampp/apache/logs/httpd.pid overwritten -- Unclean shutdown of previous Apache run?
[Sat Oct 17 09:14:03.159628 2020] [ssl:warn] [pid 15744:tid 696] AH01909: www.example.com:443:0 server certificate does NOT include an ID which matches the server name
[Sat Oct 17 09:14:03.856419 2020] [mpm_winnt:notice] [pid 15744:tid 696] AH00455: Apache/2.4.46 (Win64) OpenSSL/1.1.1g PHP/7.2.34 configured -- resuming normal operations
[Sat Oct 17 09:14:03.856419 2020] [mpm_winnt:notice] [pid 15744:tid 696] AH00456: Apache Lounge VC15 Server built: Aug  4 2020 11:50:23
[Sat Oct 17 09:14:03.856419 2020] [core:notice] [pid 15744:tid 696] AH00094: Command line: 'c:\\it1100-iwt---assignment-01\\v2\\xampp\\apache\\bin\\httpd.exe -d C:/IT1100-IWT---Assignment-01/V2/Xampp/apache'
[Sat Oct 17 09:14:03.879617 2020] [mpm_winnt:notice] [pid 15744:tid 696] AH00418: Parent: Created child process 49740
[Sat Oct 17 09:14:05.383090 2020] [ssl:warn] [pid 49740:tid 656] AH01909: www.example.com:443:0 server certificate does NOT include an ID which matches the server name
[Sat Oct 17 09:14:05.482120 2020] [ssl:warn] [pid 49740:tid 656] AH01909: www.example.com:443:0 server certificate does NOT include an ID which matches the server name
[Sat Oct 17 09:14:05.524192 2020] [mpm_winnt:notice] [pid 49740:tid 656] AH00354: Child: Starting 150 worker threads.
[Sat Oct 17 09:16:36.672051 2020] [ssl:warn] [pid 47832:tid 660] AH01909: www.example.com:443:0 server certificate does NOT include an ID which matches the server name
[Sat Oct 17 09:16:37.464349 2020] [core:warn] [pid 47832:tid 660] AH00098: pid file C:/IT1100-IWT---Assignment-01/V2/Xampp/apache/logs/httpd.pid overwritten -- Unclean shutdown of previous Apache run?
[Sat Oct 17 09:16:37.469336 2020] [ssl:warn] [pid 47832:tid 660] AH01909: www.example.com:443:0 server certificate does NOT include an ID which matches the server name
[Sat Oct 17 09:16:37.488285 2020] [mpm_winnt:notice] [pid 47832:tid 660] AH00455: Apache/2.4.46 (Win64) OpenSSL/1.1.1g PHP/7.2.34 configured -- resuming normal operations
[Sat Oct 17 09:16:37.488285 2020] [mpm_winnt:notice] [pid 47832:tid 660] AH00456: Apache Lounge VC15 Server built: Aug  4 2020 11:50:23
[Sat Oct 17 09:16:37.488285 2020] [core:notice] [pid 47832:tid 660] AH00094: Command line: 'c:\\it1100-iwt---assignment-01\\v2\\xampp\\apache\\bin\\httpd.exe -d C:/IT1100-IWT---Assignment-01/V2/Xampp/apache'
[Sat Oct 17 09:16:37.490280 2020] [mpm_winnt:notice] [pid 47832:tid 660] AH00418: Parent: Created child process 50888
[Sat Oct 17 09:16:37.841846 2020] [ssl:warn] [pid 50888:tid 628] AH01909: www.example.com:443:0 server certificate does NOT include an ID which matches the server name
[Sat Oct 17 09:16:37.931972 2020] [ssl:warn] [pid 50888:tid 628] AH01909: www.example.com:443:0 server certificate does NOT include an ID which matches the server name
[Sat Oct 17 09:16:37.950923 2020] [mpm_winnt:notice] [pid 50888:tid 628] AH00354: Child: Starting 150 worker threads.
[Sat Oct 17 20:35:34.167922 2020] [ssl:warn] [pid 28972:tid 704] AH01909: www.example.com:443:0 server certificate does NOT include an ID which matches the server name
[Sat Oct 17 20:35:34.283577 2020] [core:warn] [pid 28972:tid 704] AH00098: pid file C:/IT1100-IWT---Assignment-01/V2/Xampp/apache/logs/httpd.pid overwritten -- Unclean shutdown of previous Apache run?
[Sat Oct 17 20:35:34.288564 2020] [ssl:warn] [pid 28972:tid 704] AH01909: www.example.com:443:0 server certificate does NOT include an ID which matches the server name
[Sat Oct 17 20:35:35.020971 2020] [mpm_winnt:notice] [pid 28972:tid 704] AH00455: Apache/2.4.46 (Win64) OpenSSL/1.1.1g PHP/7.2.34 configured -- resuming normal operations
[Sat Oct 17 20:35:35.020971 2020] [mpm_winnt:notice] [pid 28972:tid 704] AH00456: Apache Lounge VC15 Server built: Aug  4 2020 11:50:23
[Sat Oct 17 20:35:35.020971 2020] [core:notice] [pid 28972:tid 704] AH00094: Command line: 'c:\\it1100-iwt---assignment-01\\v2\\xampp\\apache\\bin\\httpd.exe -d C:/IT1100-IWT---Assignment-01/V2/Xampp/apache'
[Sat Oct 17 20:35:35.033906 2020] [mpm_winnt:notice] [pid 28972:tid 704] AH00418: Parent: Created child process 52816
[Sat Oct 17 20:35:35.376204 2020] [ssl:warn] [pid 52816:tid 632] AH01909: www.example.com:443:0 server certificate does NOT include an ID which matches the server name
[Sat Oct 17 20:35:35.433210 2020] [ssl:warn] [pid 52816:tid 632] AH01909: www.example.com:443:0 server certificate does NOT include an ID which matches the server name
[Sat Oct 17 20:35:35.465464 2020] [mpm_winnt:notice] [pid 52816:tid 632] AH00354: Child: Starting 150 worker threads.
[Sat Oct 17 20:59:03.453843 2020] [ssl:warn] [pid 6112:tid 592] AH01909: www.example.com:443:0 server certificate does NOT include an ID which matches the server name
[Sat Oct 17 20:59:03.512621 2020] [core:warn] [pid 6112:tid 592] AH00098: pid file C:/IT1100-IWT---Assignment-01/V2/Xampp/apache/logs/httpd.pid overwritten -- Unclean shutdown of previous Apache run?
[Sat Oct 17 20:59:03.520601 2020] [ssl:warn] [pid 6112:tid 592] AH01909: www.example.com:443:0 server certificate does NOT include an ID which matches the server name
[Sat Oct 17 20:59:03.550519 2020] [mpm_winnt:notice] [pid 6112:tid 592] AH00455: Apache/2.4.46 (Win64) OpenSSL/1.1.1g PHP/7.2.34 configured -- resuming normal operations
[Sat Oct 17 20:59:03.550519 2020] [mpm_winnt:notice] [pid 6112:tid 592] AH00456: Apache Lounge VC15 Server built: Aug  4 2020 11:50:23
[Sat Oct 17 20:59:03.550519 2020] [core:notice] [pid 6112:tid 592] AH00094: Command line: 'c:\\it1100-iwt---assignment-01\\v2\\xampp\\apache\\bin\\httpd.exe -d C:/IT1100-IWT---Assignment-01/V2/Xampp/apache'
[Sat Oct 17 20:59:03.554517 2020] [mpm_winnt:notice] [pid 6112:tid 592] AH00418: Parent: Created child process 20380
[Sat Oct 17 20:59:03.977427 2020] [ssl:warn] [pid 20380:tid 560] AH01909: www.example.com:443:0 server certificate does NOT include an ID which matches the server name
[Sat Oct 17 20:59:04.033617 2020] [ssl:warn] [pid 20380:tid 560] AH01909: www.example.com:443:0 server certificate does NOT include an ID which matches the server name
[Sat Oct 17 20:59:04.060725 2020] [mpm_winnt:notice] [pid 20380:tid 560] AH00354: Child: Starting 150 worker threads.
[Sat Oct 17 21:06:49.179797 2020] [ssl:warn] [pid 14320:tid 560] AH01909: www.example.com:443:0 server certificate does NOT include an ID which matches the server name
[Sat Oct 17 21:06:49.226670 2020] [core:warn] [pid 14320:tid 560] AH00098: pid file C:/IT1100-IWT---Assignment-01/V2/Xampp/apache/logs/httpd.pid overwritten -- Unclean shutdown of previous Apache run?
[Sat Oct 17 21:06:49.229660 2020] [ssl:warn] [pid 14320:tid 560] AH01909: www.example.com:443:0 server certificate does NOT include an ID which matches the server name
[Sat Oct 17 21:06:49.261576 2020] [mpm_winnt:notice] [pid 14320:tid 560] AH00455: Apache/2.4.46 (Win64) OpenSSL/1.1.1g PHP/7.2.34 configured -- resuming normal operations
[Sat Oct 17 21:06:49.261576 2020] [mpm_winnt:notice] [pid 14320:tid 560] AH00456: Apache Lounge VC15 Server built: Aug  4 2020 11:50:23
[Sat Oct 17 21:06:49.261576 2020] [core:notice] [pid 14320:tid 560] AH00094: Command line: 'c:\\it1100-iwt---assignment-01\\v2\\xampp\\apache\\bin\\httpd.exe -d C:/IT1100-IWT---Assignment-01/V2/Xampp/apache'
[Sat Oct 17 21:06:49.262573 2020] [mpm_winnt:notice] [pid 14320:tid 560] AH00418: Parent: Created child process 6480
[Sat Oct 17 21:06:49.826067 2020] [ssl:warn] [pid 6480:tid 568] AH01909: www.example.com:443:0 server certificate does NOT include an ID which matches the server name
[Sat Oct 17 21:06:49.884909 2020] [ssl:warn] [pid 6480:tid 568] AH01909: www.example.com:443:0 server certificate does NOT include an ID which matches the server name
[Sat Oct 17 21:06:49.924802 2020] [mpm_winnt:notice] [pid 6480:tid 568] AH00354: Child: Starting 150 worker threads.
[Sun Oct 18 16:43:20.510042 2020] [ssl:warn] [pid 22792:tid 456] AH01909: www.example.com:443:0 server certificate does NOT include an ID which matches the server name
[Sun Oct 18 16:43:20.584033 2020] [core:warn] [pid 22792:tid 456] AH00098: pid file C:/IT1100-IWT---Assignment-01/V2/Xampp/apache/logs/httpd.pid overwritten -- Unclean shutdown of previous Apache run?
[Sun Oct 18 16:43:20.590992 2020] [ssl:warn] [pid 22792:tid 456] AH01909: www.example.com:443:0 server certificate does NOT include an ID which matches the server name
[Sun Oct 18 16:43:20.615925 2020] [mpm_winnt:notice] [pid 22792:tid 456] AH00455: Apache/2.4.46 (Win64) OpenSSL/1.1.1g PHP/7.2.34 configured -- resuming normal operations
[Sun Oct 18 16:43:20.615925 2020] [mpm_winnt:notice] [pid 22792:tid 456] AH00456: Apache Lounge VC15 Server built: Aug  4 2020 11:50:23
[Sun Oct 18 16:43:20.615925 2020] [core:notice] [pid 22792:tid 456] AH00094: Command line: 'c:\\it1100-iwt---assignment-01\\v2\\xampp\\apache\\bin\\httpd.exe -d C:/IT1100-IWT---Assignment-01/V2/Xampp/apache'
[Sun Oct 18 16:43:20.619919 2020] [mpm_winnt:notice] [pid 22792:tid 456] AH00418: Parent: Created child process 8356
[Sun Oct 18 16:43:21.214434 2020] [ssl:warn] [pid 8356:tid 568] AH01909: www.example.com:443:0 server certificate does NOT include an ID which matches the server name
[Sun Oct 18 16:43:21.267339 2020] [ssl:warn] [pid 8356:tid 568] AH01909: www.example.com:443:0 server certificate does NOT include an ID which matches the server name
[Sun Oct 18 16:43:21.291276 2020] [mpm_winnt:notice] [pid 8356:tid 568] AH00354: Child: Starting 150 worker threads.
[Sun Oct 18 16:57:40.851668 2020] [php7:notice] [pid 8356:tid 1816] [client ::1:56481] PHP Notice:  Trying to get property 'num_rows' of non-object in C:\\IT1100-IWT---Assignment-01\\V2\\Xampp\\htdocs\\php\\deleteVacancy.php on line 71, referer: http://localhost/php/Edash.php
[Sun Oct 18 19:05:49.532307 2020] [php7:error] [pid 8356:tid 1804] [client ::1:61258] PHP Parse error:  syntax error, unexpected '"location.href='Edash.php?logo' (T_CONSTANT_ENCAPSED_STRING), expecting ',' or ';' in C:\\IT1100-IWT---Assignment-01\\V2\\Xampp\\htdocs\\php\\deleteVacancy.php on line 93, referer: http://localhost/php/Edash.php
[Sun Oct 18 19:05:58.823598 2020] [php7:error] [pid 8356:tid 1804] [client ::1:61265] PHP Parse error:  syntax error, unexpected 'location' (T_STRING), expecting ',' or ';' in C:\\IT1100-IWT---Assignment-01\\V2\\Xampp\\htdocs\\php\\deleteVacancy.php on line 93, referer: http://localhost/php/Edash.php
[Sun Oct 18 19:06:23.265457 2020] [php7:error] [pid 8356:tid 1824] [client ::1:61266] PHP Parse error:  syntax error, unexpected '"onclick='location.href='Edash' (T_CONSTANT_ENCAPSED_STRING), expecting ',' or ';' in C:\\IT1100-IWT---Assignment-01\\V2\\Xampp\\htdocs\\php\\deleteVacancy.php on line 93, referer: http://localhost/php/Edash.php
[Sun Oct 18 19:17:03.659334 2020] [php7:notice] [pid 8356:tid 1824] [client ::1:61840] PHP Notice:  Undefined index: username in C:\\IT1100-IWT---Assignment-01\\V2\\Xampp\\htdocs\\php\\header_logged.php on line 18, referer: http://localhost/php/deleteVacancy.php
[Sun Oct 18 19:17:18.114899 2020] [php7:notice] [pid 8356:tid 1804] [client ::1:61841] PHP Notice:  Undefined index: username in C:\\IT1100-IWT---Assignment-01\\V2\\Xampp\\htdocs\\php\\header_logged.php on line 18, referer: http://localhost/php/deleteVacancy.php
[Sun Oct 18 19:24:03.627576 2020] [php7:error] [pid 8356:tid 1804] [client ::1:62173] PHP Parse error:  syntax error, unexpected '' (T_ENCAPSED_AND_WHITESPACE), expecting '-' or identifier (T_STRING) or variable (T_VARIABLE) or number (T_NUM_STRING) in C:\\IT1100-IWT---Assignment-01\\V2\\Xampp\\htdocs\\php\\deleteVacancy.php on line 93, referer: http://localhost/php/Edash.php
[Sun Oct 18 19:24:14.281673 2020] [php7:error] [pid 8356:tid 1824] [client ::1:62174] PHP Parse error:  syntax error, unexpected '"', expecting '-' or identifier (T_STRING) or variable (T_VARIABLE) or number (T_NUM_STRING) in C:\\IT1100-IWT---Assignment-01\\V2\\Xampp\\htdocs\\php\\deleteVacancy.php on line 93, referer: http://localhost/php/Edash.php
[Sun Oct 18 19:24:42.101071 2020] [php7:error] [pid 8356:tid 1804] [client ::1:62180] PHP Parse error:  syntax error, unexpected 'delete' (T_STRING), expecting ',' or ';' in C:\\IT1100-IWT---Assignment-01\\V2\\Xampp\\htdocs\\php\\deleteVacancy.php on line 93, referer: http://localhost/php/Edash.php
[Sun Oct 18 19:24:51.337992 2020] [php7:error] [pid 8356:tid 1824] [client ::1:62206] PHP Parse error:  syntax error, unexpected '"', expecting '-' or identifier (T_STRING) or variable (T_VARIABLE) or number (T_NUM_STRING) in C:\\IT1100-IWT---Assignment-01\\V2\\Xampp\\htdocs\\php\\deleteVacancy.php on line 93, referer: http://localhost/php/Edash.php
[Sun Oct 18 19:28:54.526797 2020] [php7:notice] [pid 8356:tid 1804] [client ::1:62365] PHP Notice:  Undefined variable: conn in C:\\IT1100-IWT---Assignment-01\\V2\\Xampp\\htdocs\\php\\delete.php on line 4, referer: http://localhost/php/deleteVacancy.php
[Sun Oct 18 19:28:54.526797 2020] [php7:warn] [pid 8356:tid 1804] [client ::1:62365] PHP Warning:  mysqli_query() expects parameter 1 to be mysqli, null given in C:\\IT1100-IWT---Assignment-01\\V2\\Xampp\\htdocs\\php\\delete.php on line 4, referer: http://localhost/php/deleteVacancy.php
[Sun Oct 18 19:28:54.526797 2020] [php7:notice] [pid 8356:tid 1804] [client ::1:62365] PHP Notice:  Undefined variable: conn in C:\\IT1100-IWT---Assignment-01\\V2\\Xampp\\htdocs\\php\\delete.php on line 7, referer: http://localhost/php/deleteVacancy.php
[Sun Oct 18 19:28:54.527796 2020] [php7:warn] [pid 8356:tid 1804] [client ::1:62365] PHP Warning:  mysqli_error() expects parameter 1 to be mysqli, null given in C:\\IT1100-IWT---Assignment-01\\V2\\Xampp\\htdocs\\php\\delete.php on line 7, referer: http://localhost/php/deleteVacancy.php
[Sun Oct 18 19:28:54.527796 2020] [php7:notice] [pid 8356:tid 1804] [client ::1:62365] PHP Notice:  Undefined variable: conn in C:\\IT1100-IWT---Assignment-01\\V2\\Xampp\\htdocs\\php\\delete.php on line 9, referer: http://localhost/php/deleteVacancy.php
[Sun Oct 18 19:28:54.527796 2020] [php7:warn] [pid 8356:tid 1804] [client ::1:62365] PHP Warning:  mysqli_close() expects parameter 1 to be mysqli, null given in C:\\IT1100-IWT---Assignment-01\\V2\\Xampp\\htdocs\\php\\delete.php on line 9, referer: http://localhost/php/deleteVacancy.php
[Sun Oct 18 19:29:07.108787 2020] [php7:notice] [pid 8356:tid 1824] [client ::1:62366] PHP Notice:  Undefined variable: conn in C:\\IT1100-IWT---Assignment-01\\V2\\Xampp\\htdocs\\php\\delete.php on line 9, referer: http://localhost/php/deleteVacancy.php
[Sun Oct 18 19:29:07.108787 2020] [php7:warn] [pid 8356:tid 1824] [client ::1:62366] PHP Warning:  mysqli_close() expects parameter 1 to be mysqli, null given in C:\\IT1100-IWT---Assignment-01\\V2\\Xampp\\htdocs\\php\\delete.php on line 9, referer: http://localhost/php/deleteVacancy.php
[Sun Oct 18 19:36:17.869559 2020] [php7:notice] [pid 8356:tid 1804] [client ::1:62697] PHP Notice:  Trying to get property 'num_rows' of non-object in C:\\IT1100-IWT---Assignment-01\\V2\\Xampp\\htdocs\\php\\EditVacancy.php on line 82, referer: http://localhost/php/Edash.php
[Sun Oct 18 19:36:51.504508 2020] [php7:notice] [pid 8356:tid 1824] [client ::1:62698] PHP Notice:  Trying to get property 'num_rows' of non-object in C:\\IT1100-IWT---Assignment-01\\V2\\Xampp\\htdocs\\php\\EditVacancy.php on line 82, referer: http://localhost/php/Edash.php
[Sun Oct 18 20:15:41.575916 2020] [php7:notice] [pid 8356:tid 1804] [client ::1:64348] PHP Notice:  Undefined variable: role in C:\\IT1100-IWT---Assignment-01\\V2\\Xampp\\htdocs\\php\\EditVacancy.php on line 10, referer: http://localhost/php/UpdateVacancy.php
[Sun Oct 18 20:20:53.712132 2020] [php7:notice] [pid 8356:tid 1804] [client ::1:64509] PHP Notice:  Undefined variable: rowV in C:\\IT1100-IWT---Assignment-01\\V2\\Xampp\\htdocs\\php\\EditVacancy.php on line 75, referer: http://localhost/php/UpdateVacancy.php
[Sun Oct 18 20:35:34.972380 2020] [php7:error] [pid 8356:tid 1804] [client ::1:65135] PHP Parse error:  syntax error, unexpected 'type' (T_STRING), expecting ',' or ';' in C:\\IT1100-IWT---Assignment-01\\V2\\Xampp\\htdocs\\php\\EditVacancy.php on line 76, referer: http://localhost/php/UpdateVacancy.php
[Sun Oct 18 20:35:41.054435 2020] [php7:error] [pid 8356:tid 1824] [client ::1:65136] PHP Parse error:  syntax error, unexpected '<', expecting elseif (T_ELSEIF) or else (T_ELSE) or endif (T_ENDIF) in C:\\IT1100-IWT---Assignment-01\\V2\\Xampp\\htdocs\\php\\EditVacancy.php on line 76, referer: http://localhost/php/UpdateVacancy.php
[Sun Oct 18 20:40:54.871514 2020] [php7:error] [pid 8356:tid 1804] [client ::1:65314] PHP Parse error:  syntax error, unexpected '$rowV' (T_VARIABLE), expecting ',' or ';' in C:\\IT1100-IWT---Assignment-01\\V2\\Xampp\\htdocs\\php\\EditVacancy.php on line 77, referer: http://localhost/php/UpdateVacancy.php
[Sun Oct 18 20:42:33.205381 2020] [php7:error] [pid 8356:tid 1824] [client ::1:65351] PHP Parse error:  syntax error, unexpected '' (T_ENCAPSED_AND_WHITESPACE), expecting '-' or identifier (T_STRING) or variable (T_VARIABLE) or number (T_NUM_STRING) in C:\\IT1100-IWT---Assignment-01\\V2\\Xampp\\htdocs\\php\\EditVacancy.php on line 79, referer: http://localhost/php/UpdateVacancy.php
