[16/Oct/2020:20:29:39 +0530] ::1 TLSv1.3 TLS_AES_256_GCM_SHA384 "GET /php/Register.php HTTP/1.1" 4213
[16/Oct/2020:20:29:39 +0530] ::1 TLSv1.3 TLS_AES_256_GCM_SHA384 "GET /css/dashoboard-nav.css HTTP/1.1" 1350
[16/Oct/2020:20:29:39 +0530] ::1 TLSv1.3 TLS_AES_256_GCM_SHA384 "GET /css/home.css HTTP/1.1" 2808
[16/Oct/2020:20:29:39 +0530] ::1 TLSv1.3 TLS_AES_256_GCM_SHA384 "GET /css/login_style.css HTTP/1.1" 5385
[16/Oct/2020:20:29:39 +0530] ::1 TLSv1.3 TLS_AES_256_GCM_SHA384 "GET /js/loginej.js HTTP/1.1" 351
[16/Oct/2020:20:29:39 +0530] ::1 TLSv1.3 TLS_AES_256_GCM_SHA384 "GET /js/Date&Time.js HTTP/1.1" 411
[16/Oct/2020:20:29:39 +0530] ::1 TLSv1.3 TLS_AES_256_GCM_SHA384 "GET /js/Validate.js HTTP/1.1" 289
[16/Oct/2020:20:29:39 +0530] ::1 TLSv1.3 TLS_AES_256_GCM_SHA384 "GET /images/iconfinder_phone_281830.png HTTP/1.1" 6274
[16/Oct/2020:20:29:39 +0530] ::1 TLSv1.3 TLS_AES_256_GCM_SHA384 "GET /images/iconfinder_mail_281828%20(1).png HTTP/1.1" 8230
[16/Oct/2020:20:29:39 +0530] ::1 TLSv1.3 TLS_AES_256_GCM_SHA384 "GET /images/Linkedin-Icon-Circle-Outline-Grey.png HTTP/1.1" 6101
[16/Oct/2020:20:29:39 +0530] ::1 TLSv1.3 TLS_AES_256_GCM_SHA384 "GET /images/iconfinder_youtube_281826.png HTTP/1.1" 7767
[16/Oct/2020:20:29:39 +0530] ::1 TLSv1.3 TLS_AES_256_GCM_SHA384 "GET /images/f.jpg HTTP/1.1" 1450499
[16/Oct/2020:20:29:40 +0530] ::1 TLSv1.3 TLS_AES_256_GCM_SHA384 "GET /favicon.ico HTTP/1.1" 297
[16/Oct/2020:20:30:09 +0530] ::1 TLSv1.3 TLS_AES_256_GCM_SHA384 "POST /php/Register.php HTTP/1.1" 4213
[16/Oct/2020:20:30:09 +0530] ::1 TLSv1.3 TLS_AES_256_GCM_SHA384 "GET /php/home.php HTTP/1.1" 2433
[16/Oct/2020:20:30:09 +0530] ::1 TLSv1.3 TLS_AES_256_GCM_SHA384 "GET /images/White%20logo%20m.png HTTP/1.1" 203289
[16/Oct/2020:20:35:03 +0530] ::1 TLSv1.3 TLS_AES_256_GCM_SHA384 "GET /php/home.html HTTP/1.1" 297
[16/Oct/2020:20:35:09 +0530] ::1 TLSv1.3 TLS_AES_256_GCM_SHA384 "GET /php/home.php HTTP/1.1" 2433
[16/Oct/2020:20:35:17 +0530] ::1 TLSv1.3 TLS_AES_256_GCM_SHA384 "GET /php/contactUs.html HTTP/1.1" 297
[16/Oct/2020:20:35:19 +0530] ::1 TLSv1.3 TLS_AES_256_GCM_SHA384 "GET /php/home.php HTTP/1.1" 2433
[16/Oct/2020:20:36:29 +0530] ::1 TLSv1.3 TLS_AES_256_GCM_SHA384 "GET /php/Login.php HTTP/1.1" 3355
[16/Oct/2020:20:36:29 +0530] ::1 TLSv1.3 TLS_AES_256_GCM_SHA384 "GET /css/home.css HTTP/1.1" -
[16/Oct/2020:20:36:29 +0530] ::1 TLSv1.3 TLS_AES_256_GCM_SHA384 "GET /css/dashoboard-nav.css HTTP/1.1" 1350
[16/Oct/2020:20:36:29 +0530] ::1 TLSv1.3 TLS_AES_256_GCM_SHA384 "GET /css/login_style.css HTTP/1.1" 5385
[16/Oct/2020:20:36:29 +0530] ::1 TLSv1.3 TLS_AES_256_GCM_SHA384 "GET /js/Date&Time.js HTTP/1.1" -
[16/Oct/2020:20:36:29 +0530] ::1 TLSv1.3 TLS_AES_256_GCM_SHA384 "GET /js/loginej.js HTTP/1.1" 351
[16/Oct/2020:20:36:29 +0530] ::1 TLSv1.3 TLS_AES_256_GCM_SHA384 "GET /images/iconfinder_phone_281830.png HTTP/1.1" -
[16/Oct/2020:20:36:29 +0530] ::1 TLSv1.3 TLS_AES_256_GCM_SHA384 "GET /images/iconfinder_mail_281828%20(1).png HTTP/1.1" -
[16/Oct/2020:20:36:29 +0530] ::1 TLSv1.3 TLS_AES_256_GCM_SHA384 "GET /images/Linkedin-Icon-Circle-Outline-Grey.png HTTP/1.1" -
[16/Oct/2020:20:36:29 +0530] ::1 TLSv1.3 TLS_AES_256_GCM_SHA384 "GET /images/iconfinder_youtube_281826.png HTTP/1.1" -
[16/Oct/2020:20:36:31 +0530] ::1 TLSv1.3 TLS_AES_256_GCM_SHA384 "GET /php/home.html HTTP/1.1" 297
[16/Oct/2020:20:36:33 +0530] ::1 TLSv1.3 TLS_AES_256_GCM_SHA384 "GET /php/Login.php HTTP/1.1" 3355
[16/Oct/2020:20:36:35 +0530] ::1 TLSv1.3 TLS_AES_256_GCM_SHA384 "GET /php/home.html HTTP/1.1" 297
[16/Oct/2020:20:36:36 +0530] ::1 TLSv1.3 TLS_AES_256_GCM_SHA384 "GET /php/Login.php HTTP/1.1" 3355
[16/Oct/2020:20:37:39 +0530] ::1 TLSv1.3 TLS_AES_256_GCM_SHA384 "GET /php/Login.php HTTP/1.1" 3354
[16/Oct/2020:20:37:39 +0530] ::1 TLSv1.3 TLS_AES_256_GCM_SHA384 "GET /css/login_style.css HTTP/1.1" 5385
[16/Oct/2020:20:37:40 +0530] ::1 TLSv1.3 TLS_AES_256_GCM_SHA384 "GET /php/home.php HTTP/1.1" 2432
[16/Oct/2020:20:37:40 +0530] ::1 TLSv1.3 TLS_AES_256_GCM_SHA384 "GET /images/White%20logo%20m.png HTTP/1.1" 203289
[16/Oct/2020:22:07:18 +0530] ::1 TLSv1.3 TLS_AES_256_GCM_SHA384 "GET /php/home.php HTTP/1.1" 3223
[16/Oct/2020:22:07:18 +0530] ::1 TLSv1.3 TLS_AES_256_GCM_SHA384 "GET /css/home.css HTTP/1.1" 4064
[16/Oct/2020:22:07:18 +0530] ::1 TLSv1.3 TLS_AES_256_GCM_SHA384 "GET /js/Date&Time.js HTTP/1.1" -
[16/Oct/2020:22:07:18 +0530] ::1 TLSv1.3 TLS_AES_256_GCM_SHA384 "GET /js/slide.js HTTP/1.1" 661
[16/Oct/2020:22:07:18 +0530] ::1 TLSv1.3 TLS_AES_256_GCM_SHA384 "GET /images/White%20logo%20m.png HTTP/1.1" -
[16/Oct/2020:22:07:18 +0530] ::1 TLSv1.3 TLS_AES_256_GCM_SHA384 "GET /images/slide1.jpg HTTP/1.1" 280149
[16/Oct/2020:22:07:18 +0530] ::1 TLSv1.3 TLS_AES_256_GCM_SHA384 "GET /images/iconfinder_phone_281830.png HTTP/1.1" -
[16/Oct/2020:22:07:18 +0530] ::1 TLSv1.3 TLS_AES_256_GCM_SHA384 "GET /images/iconfinder_mail_281828%20(1).png HTTP/1.1" -
[16/Oct/2020:22:07:18 +0530] ::1 TLSv1.3 TLS_AES_256_GCM_SHA384 "GET /images/Linkedin-Icon-Circle-Outline-Grey.png HTTP/1.1" -
[16/Oct/2020:22:07:18 +0530] ::1 TLSv1.3 TLS_AES_256_GCM_SHA384 "GET /images/slide2.jpg HTTP/1.1" 904527
[16/Oct/2020:22:07:18 +0530] ::1 TLSv1.3 TLS_AES_256_GCM_SHA384 "GET /images/iconfinder_youtube_281826.png HTTP/1.1" -
[16/Oct/2020:22:07:18 +0530] ::1 TLSv1.3 TLS_AES_256_GCM_SHA384 "GET /images/slide3.jpg HTTP/1.1" 865961
[16/Oct/2020:22:07:18 +0530] ::1 TLSv1.3 TLS_AES_256_GCM_SHA384 "GET /images/f.jpg HTTP/1.1" -
